<?xml version="1.0" encoding="UTF-8"?>
<!-- Generated by org.testng.reporters.JUnitXMLReporter -->
<testsuite hostname="asplap384" ignored="0" name="sampletest" tests="3" failures="0" timestamp="2019-10-03T17:53:25 IST" time="30.75" errors="0">
  <testcase name="method2" time="10.0" classname="trialpackage.Trialclass"/>
  <testcase name="method1" time="10.01" classname="trialpackage.Trialclass"/>
  <testcase name="method3" time="20.695" classname="trialpackage.Trialclass"/>
</testsuite> <!-- sampletest -->
