<?xml version="1.0" encoding="UTF-8"?>
<!-- Generated by org.testng.reporters.JUnitXMLReporter -->
<testsuite hostname="asplap384" ignored="0" name="Test3" tests="3" failures="0" timestamp="2019-10-09T13:06:45 IST" time="9.128" errors="0">
  <testcase name="gettitle" time="0.428" classname="basepackage.Testcase001"/>
  <testcase name="getprivacy" time="1.04" classname="basepackage.Testcase002"/>
  <testcase name="myacc" time="1.434" classname="basepackage.Testcase003"/>
</testsuite> <!-- Test3 -->
